Determining if the pthread_create exist failed with the following output:
Change Dir: /home/kaijun/devtool/auboSDK/Linux/RobotExample/cmake-build-debug/CMakeFiles/CMakeTmp

Run Build Command(s):/usr/bin/make cmTC_01cf3/fast 
/usr/bin/make -f CMakeFiles/cmTC_01cf3.dir/build.make CMakeFiles/cmTC_01cf3.dir/build
make[1]: Entering directory `/home/kaijun/devtool/auboSDK/Linux/RobotExample/cmake-build-debug/CMakeFiles/CMakeTmp'
Building C object CMakeFiles/cmTC_01cf3.dir/CheckSymbolExists.c.o
/usr/bin/cc    -o CMakeFiles/cmTC_01cf3.dir/CheckSymbolExists.c.o   -c /home/kaijun/devtool/auboSDK/Linux/RobotExample/cmake-build-debug/CMakeFiles/CMakeTmp/CheckSymbolExists.c
Linking C executable cmTC_01cf3
/home/kaijun/devtool/clion-2019.1.4/bin/cmake/linux/bin/cmake -E cmake_link_script CMakeFiles/cmTC_01cf3.dir/link.txt --verbose=1
/usr/bin/cc      CMakeFiles/cmTC_01cf3.dir/CheckSymbolExists.c.o  -o cmTC_01cf3 
CMakeFiles/cmTC_01cf3.dir/CheckSymbolExists.c.o: In function `main':
CheckSymbolExists.c:(.text+0x16): undefined reference to `pthread_create'
collect2: error: ld returned 1 exit status
make[1]: *** [cmTC_01cf3] Error 1
make[1]: Leaving directory `/home/kaijun/devtool/auboSDK/Linux/RobotExample/cmake-build-debug/CMakeFiles/CMakeTmp'
make: *** [cmTC_01cf3/fast] Error 2

File /home/kaijun/devtool/auboSDK/Linux/RobotExample/cmake-build-debug/CMakeFiles/CMakeTmp/CheckSymbolExists.c:
/* */
#include <pthread.h>

int main(int argc, char** argv)
{
  (void)argv;
#ifndef pthread_create
  return ((int*)(&pthread_create))[argc];
#else
  (void)argc;
  return 0;
#endif
}

Determining if the function pthread_create exists in the pthreads failed with the following output:
Change Dir: /home/kaijun/devtool/auboSDK/Linux/RobotExample/cmake-build-debug/CMakeFiles/CMakeTmp

Run Build Command(s):/usr/bin/make cmTC_9914e/fast 
/usr/bin/make -f CMakeFiles/cmTC_9914e.dir/build.make CMakeFiles/cmTC_9914e.dir/build
make[1]: Entering directory `/home/kaijun/devtool/auboSDK/Linux/RobotExample/cmake-build-debug/CMakeFiles/CMakeTmp'
Building C object CMakeFiles/cmTC_9914e.dir/CheckFunctionExists.c.o
/usr/bin/cc   -DCHECK_FUNCTION_EXISTS=pthread_create   -o CMakeFiles/cmTC_9914e.dir/CheckFunctionExists.c.o   -c /home/kaijun/devtool/clion-2019.1.4/bin/cmake/linux/share/cmake-3.14/Modules/CheckFunctionExists.c
Linking C executable cmTC_9914e
/home/kaijun/devtool/clion-2019.1.4/bin/cmake/linux/bin/cmake -E cmake_link_script CMakeFiles/cmTC_9914e.dir/link.txt --verbose=1
/usr/bin/cc  -DCHECK_FUNCTION_EXISTS=pthread_create    CMakeFiles/cmTC_9914e.dir/CheckFunctionExists.c.o  -o cmTC_9914e -lpthreads 
/usr/bin/ld: cannot find -lpthreads
collect2: error: ld returned 1 exit status
make[1]: *** [cmTC_9914e] Error 1
make[1]: Leaving directory `/home/kaijun/devtool/auboSDK/Linux/RobotExample/cmake-build-debug/CMakeFiles/CMakeTmp'
make: *** [cmTC_9914e/fast] Error 2


